[35m[Appium][39m Available drivers:
[35m[Appium][39m   - uiautomator2@2.10.2 (automationName 'UiAutomator2')
[35m[Appium][39m No plugins have been installed. Use the "appium plugin" command to install the one(s) you want to use.
[35m[HTTP][39m [37m-->[39m [37mPOST[39m [37m/session[39m
[35m[HTTP][39m [90m{"capabilities":{"alwaysMatch":{"platformName":"Android","appium:platformVersion":"11","appium:deviceName":"Pixel 5 API 30","appium:automationName":"UIAutomator2","appium:app":"C:\\Users\\RONDIE\\Desktop\\MOBILE AUTOMATION\\sampleProject\\app\\android\\ApiDemos-debug.apk","appium:autoGrantPermissions":true},"firstMatch":[{}]},"desiredCapabilities":{"platformName":"Android","appium:platformVersion":"11","appium:deviceName":"Pixel 5 API 30","appium:automationName":"UIAutomator2","appium:app":"C:\\Users\\RONDIE\\Desktop\\MOBILE AUTOMATION\\sampleProject\\app\\android\\ApiDemos-debug.apk","appium:autoGrantPermissions":true}}[39m
[debug] [35m[AppiumDriver@eb25][39m Calling AppiumDriver.createSession() with args: [{"platformName":"Android","appium:platformVersion":"11","appium:deviceName":"Pixel 5 API 30","appium:automationName":"UIAutomator2","appium:app":"C:\\Users\\RONDIE\\Desktop\\MOBILE AUTOMATION\\sampleProject\\app\\android\\ApiDemos-debug.apk","appium:autoGrantPermissions":true},null,{"alwaysMatch":{"platformName":"Android","appium:platformVersion":"11","appium:deviceName":"Pixel 5 API 30","appium:automationName":"UIAutomator2","appium:app":"C:\\Users\\RONDIE\\Desktop\\MOBILE AUTOMATION\\sampleProject\\app\\android\\ApiDemos-debug.apk","appium:autoGrantPermissions":true},"firstMatch":[{}]}]
[debug] [35m[AppiumDriver@eb25][39m Event 'newSessionRequested' logged at 1668674078550 (16:34:38 GMT+0800 (Philippine Standard Time))
[35m[Appium][39m Attempting to find matching driver for automationName 'UIAutomator2' and platformName 'Android'
[35m[Appium][39m The 'uiautomator2' driver was installed and matched caps.
[35m[Appium][39m Will require it at C:\Users\RONDIE\Desktop\MOBILE AUTOMATION\sampleProject\node_modules\appium-uiautomator2-driver
[debug] [35m[Appium][39m Requiring driver at C:\Users\RONDIE\Desktop\MOBILE AUTOMATION\sampleProject\node_modules\appium-uiautomator2-driver
[35m[AppiumDriver@eb25][39m Appium v2.0.0-beta.46 creating new AndroidUiautomator2Driver (v2.10.2) session
[35m[AppiumDriver@eb25][39m Checking BaseDriver versions for Appium and AndroidUiautomator2Driver
[35m[AppiumDriver@eb25][39m Appium's BaseDriver version is 8.7.3
[35m[AppiumDriver@eb25][39m AndroidUiautomator2Driver's BaseDriver version is 8.7.3
[debug] [35m[AndroidUiautomator2Driver@6422][39m Creating session with W3C capabilities: {
[debug] [35m[AndroidUiautomator2Driver@6422][39m   "alwaysMatch": {
[debug] [35m[AndroidUiautomator2Driver@6422][39m     "platformName": "Android",
[debug] [35m[AndroidUiautomator2Driver@6422][39m     "appium:platformVersion": "11",
[debug] [35m[AndroidUiautomator2Driver@6422][39m     "appium:deviceName": "Pixel 5 API 30",
[debug] [35m[AndroidUiautomator2Driver@6422][39m     "appium:automationName": "UIAutomator2",
[debug] [35m[AndroidUiautomator2Driver@6422][39m     "appium:app": "C:\\Users\\RONDIE\\Desktop\\MOBILE AUTOMATION\\sampleProject\\app\\android\\ApiDemos-debug.apk",
[debug] [35m[AndroidUiautomator2Driver@6422][39m     "appium:autoGrantPermissions": true
[debug] [35m[AndroidUiautomator2Driver@6422][39m   },
[debug] [35m[AndroidUiautomator2Driver@6422][39m   "firstMatch": [
[debug] [35m[AndroidUiautomator2Driver@6422][39m     {}
[debug] [35m[AndroidUiautomator2Driver@6422][39m   ]
[debug] [35m[AndroidUiautomator2Driver@6422][39m }
[35m[AndroidUiautomator2Driver@6422 (1cf4a1a8)][39m Session created with session id: 1cf4a1a8-abaf-475a-9d8f-27a709093f34
[35m[BaseDriver][39m Using local app 'C:\Users\RONDIE\Desktop\MOBILE AUTOMATION\sampleProject\app\android\ApiDemos-debug.apk'
[debug] [35m[AndroidUiautomator2Driver@6422 (1cf4a1a8)][39m Checking whether app is actually present
[35m[ADB][39m Found 1 'build-tools' folders under 'C:\Users\RONDIE\AppData\Local\Android\Sdk' (newest first):
[35m[ADB][39m     C:/Users/RONDIE/AppData/Local/Android/Sdk/build-tools/33.0.0
[35m[ADB][39m Using 'adb.exe' from 'C:\Users\RONDIE\AppData\Local\Android\Sdk\platform-tools\adb.exe'
[debug] [35m[ADB][39m Running 'C:\Users\RONDIE\AppData\Local\Android\Sdk\platform-tools\adb.exe -P 5037 start-server'
[35m[AndroidDriver][39m Retrieving device list
[debug] [35m[ADB][39m Trying to find a connected android device
[debug] [35m[ADB][39m Getting connected devices
[debug] [35m[ADB][39m Connected devices: [{"udid":"emulator-5554","state":"device"}]
[35m[AndroidDriver][39m Looking for a device with Android '11.0.0'
[debug] [35m[ADB][39m Setting device id to emulator-5554
[35m[ADB][39m Getting device platform version
[debug] [35m[ADB][39m Running 'C:\Users\RONDIE\AppData\Local\Android\Sdk\platform-tools\adb.exe -P 5037 -s emulator-5554 shell getprop ro.build.version.release'
[debug] [35m[ADB][39m Current device property 'ro.build.version.release': 11
[35m[AndroidDriver][39m Using device: emulator-5554
[35m[ADB][39m Using 'adb.exe' from 'C:\Users\RONDIE\AppData\Local\Android\Sdk\platform-tools\adb.exe'
[debug] [35m[ADB][39m Running 'C:\Users\RONDIE\AppData\Local\Android\Sdk\platform-tools\adb.exe -P 5037 start-server'
[debug] [35m[ADB][39m Setting device id to emulator-5554
[debug] [35m[ADB][39m Running 'C:\Users\RONDIE\AppData\Local\Android\Sdk\platform-tools\adb.exe -P 5037 -s emulator-5554 shell getprop ro.build.version.sdk'
[debug] [35m[ADB][39m Current device property 'ro.build.version.sdk': 30
[35m[ADB][39m Getting device platform version
[debug] [35m[ADB][39m Running 'C:\Users\RONDIE\AppData\Local\Android\Sdk\platform-tools\adb.exe -P 5037 -s emulator-5554 shell getprop ro.build.version.release'
[debug] [35m[ADB][39m Current device property 'ro.build.version.release': 11
[debug] [35m[ADB][39m Device API level: 30
[35m[AndroidUiautomator2Driver@6422 (1cf4a1a8)][39m Relaxing hidden api policy
[debug] [35m[ADB][39m Running 'C:\Users\RONDIE\AppData\Local\Android\Sdk\platform-tools\adb.exe -P 5037 -s emulator-5554 shell 'settings put global hidden_api_policy_pre_p_apps 1;settings put global hidden_api_policy_p_apps 1;settings put global hidden_api_policy 1''
[debug] [35m[AndroidDriver][39m Parsing package and activity from app manifest
[35m[ADB][39m Package name: 'io.appium.android.apis'
[35m[ADB][39m Main activity name: 'io.appium.android.apis.ApiDemos'
[debug] [35m[AndroidDriver][39m Parsed package and activity are: io.appium.android.apis/io.appium.android.apis.ApiDemos
[debug] [35m[ADB][39m Running 'C:\Users\RONDIE\AppData\Local\Android\Sdk\platform-tools\adb.exe -P 5037 -s emulator-5554 wait-for-device'
[debug] [35m[ADB][39m Running 'C:\Users\RONDIE\AppData\Local\Android\Sdk\platform-tools\adb.exe -P 5037 -s emulator-5554 shell echo ping'
[debug] [35m[AndroidDriver][39m Pushing settings apk to device...
[debug] [35m[ADB][39m Getting install status for io.appium.settings
[debug] [35m[ADB][39m Running 'C:\Users\RONDIE\AppData\Local\Android\Sdk\platform-tools\adb.exe -P 5037 -s emulator-5554 shell dumpsys package io.appium.settings'
[debug] [35m[ADB][39m 'io.appium.settings' is installed
[debug] [35m[ADB][39m Getting package info for 'io.appium.settings'
[debug] [35m[ADB][39m Running 'C:\Users\RONDIE\AppData\Local\Android\Sdk\platform-tools\adb.exe -P 5037 -s emulator-5554 shell dumpsys package io.appium.settings'
[debug] [35m[ADB][39m The version name of the installed 'io.appium.settings' is greater or equal to the application version name ('4.2.3' >= '4.2.3')
[debug] [35m[ADB][39m There is no need to install/upgrade 'C:\Users\RONDIE\Desktop\MOBILE AUTOMATION\sampleProject\node_modules\appium-uiautomator2-driver\node_modules\io.appium.settings\apks\settings_apk-debug.apk'
[debug] [35m[ADB][39m Getting IDs of all 'io.appium.settings' processes
[debug] [35m[ADB][39m Running 'C:\Users\RONDIE\AppData\Local\Android\Sdk\platform-tools\adb.exe -P 5037 -s emulator-5554 shell 'pgrep --help; echo $?''
[debug] [35m[ADB][39m Running 'C:\Users\RONDIE\AppData\Local\Android\Sdk\platform-tools\adb.exe -P 5037 -s emulator-5554 shell pgrep -f \(\[\[:blank:\]\]\|\^\)io\.appium\.settings\(\[\[:blank:\]\]\|\$\)'
[debug] [35m[AndroidDriver][39m io.appium.settings is already running. There is no need to reset its permissions.
[debug] [35m[Logcat][39m Starting logs capture with command: C:\\Users\\RONDIE\\AppData\\Local\\Android\\Sdk\\platform-tools\\adb.exe -P 5037 -s emulator-5554 logcat -v threadtime
[debug] [35m[AndroidUiautomator2Driver@6422 (1cf4a1a8)][39m Forwarding UiAutomator2 Server port 6790 to local port 8200
[debug] [35m[ADB][39m Forwarding system: 8200 to device: 6790
[debug] [35m[ADB][39m Running 'C:\Users\RONDIE\AppData\Local\Android\Sdk\platform-tools\adb.exe -P 5037 -s emulator-5554 forward tcp:8200 tcp:6790'
[debug] [35m[ADB][39m Getting install status for io.appium.uiautomator2.server
[debug] [35m[ADB][39m Running 'C:\Users\RONDIE\AppData\Local\Android\Sdk\platform-tools\adb.exe -P 5037 -s emulator-5554 shell dumpsys package io.appium.uiautomator2.server'
[debug] [35m[ADB][39m 'io.appium.uiautomator2.server' is installed
[debug] [35m[ADB][39m Getting package info for 'io.appium.uiautomator2.server'
[debug] [35m[ADB][39m Running 'C:\Users\RONDIE\AppData\Local\Android\Sdk\platform-tools\adb.exe -P 5037 -s emulator-5554 shell dumpsys package io.appium.uiautomator2.server'
[debug] [35m[ADB][39m The version name of the installed 'io.appium.uiautomator2.server' is greater or equal to the application version name ('5.7.4' >= '5.7.4')
[debug] [35m[AndroidUiautomator2Driver@6422 (1cf4a1a8)][39m io.appium.uiautomator2.server installation state: sameVersionInstalled
[debug] [35m[ADB][39m Checking app cert for C:\Users\RONDIE\Desktop\MOBILE AUTOMATION\sampleProject\node_modules\appium-uiautomator2-driver\node_modules\appium-uiautomator2-server\apks\appium-uiautomator2-server-v5.7.4.apk
[35m[ADB][39m Using 'apksigner.jar' from 'C:\Users\RONDIE\AppData\Local\Android\Sdk\build-tools\33.0.0\lib\apksigner.jar'
[debug] [35m[ADB][39m Starting apksigner: 'C:\\Program Files\\Eclipse Adoptium\\jdk-17.0.4.101-hotspot\\bin\\java.exe' -Xmx1024M -Xss1m -jar C:\\Users\\RONDIE\\AppData\\Local\\Android\\Sdk\\build-tools\\33.0.0\\lib\\apksigner.jar verify --print-certs 'C:\\Users\\RONDIE\\Desktop\\MOBILE AUTOMATION\\sampleProject\\node_modules\\appium-uiautomator2-driver\\node_modules\\appium-uiautomator2-server\\apks\\appium-uiautomator2-server-v5.7.4.apk'
[debug] [35m[ADB][39m apksigner stdout: Signer #1 certificate DN: EMAILADDRESS=android@android.com, CN=Android, OU=Android, O=Android, L=Mountain View, ST=California, C=US
[debug] [35m[ADB][39m Signer #1 certificate SHA-256 digest: a40da80a59d170caa950cf15c18c454d47a39b26989d8b640ecd745ba71bf5dc
[debug] [35m[ADB][39m Signer #1 certificate SHA-1 digest: 61ed377e85d386a8dfee6b864bd85b0bfaa5af81
[debug] [35m[ADB][39m Signer #1 certificate MD5 digest: e89b158e4bcf988ebd09eb83f5378e87
[debug] [35m[ADB][39m 
[debug] [35m[ADB][39m sha256 hash did match for 'appium-uiautomator2-server-v5.7.4.apk'
[35m[ADB][39m 'C:\Users\RONDIE\Desktop\MOBILE AUTOMATION\sampleProject\node_modules\appium-uiautomator2-driver\node_modules\appium-uiautomator2-server\apks\appium-uiautomator2-server-v5.7.4.apk' is signed with the default certificate
[debug] [35m[ADB][39m Getting install status for io.appium.uiautomator2.server.test
[debug] [35m[ADB][39m Running 'C:\Users\RONDIE\AppData\Local\Android\Sdk\platform-tools\adb.exe -P 5037 -s emulator-5554 shell dumpsys package io.appium.uiautomator2.server.test'
[debug] [35m[ADB][39m 'io.appium.uiautomator2.server.test' is installed
[debug] [35m[ADB][39m Checking app cert for C:\Users\RONDIE\Desktop\MOBILE AUTOMATION\sampleProject\node_modules\appium-uiautomator2-driver\node_modules\appium-uiautomator2-server\apks\appium-uiautomator2-server-debug-androidTest.apk
[debug] [35m[ADB][39m Starting apksigner: 'C:\\Program Files\\Eclipse Adoptium\\jdk-17.0.4.101-hotspot\\bin\\java.exe' -Xmx1024M -Xss1m -jar C:\\Users\\RONDIE\\AppData\\Local\\Android\\Sdk\\build-tools\\33.0.0\\lib\\apksigner.jar verify --print-certs 'C:\\Users\\RONDIE\\Desktop\\MOBILE AUTOMATION\\sampleProject\\node_modules\\appium-uiautomator2-driver\\node_modules\\appium-uiautomator2-server\\apks\\appium-uiautomator2-server-debug-androidTest.apk'
[debug] [35m[ADB][39m apksigner stdout: Signer #1 certificate DN: EMAILADDRESS=android@android.com, CN=Android, OU=Android, O=Android, L=Mountain View, ST=California, C=US
[debug] [35m[ADB][39m Signer #1 certificate SHA-256 digest: a40da80a59d170caa950cf15c18c454d47a39b26989d8b640ecd745ba71bf5dc
[debug] [35m[ADB][39m Signer #1 certificate SHA-1 digest: 61ed377e85d386a8dfee6b864bd85b0bfaa5af81
[debug] [35m[ADB][39m Signer #1 certificate MD5 digest: e89b158e4bcf988ebd09eb83f5378e87
[debug] [35m[ADB][39m 
[debug] [35m[ADB][39m sha256 hash did match for 'appium-uiautomator2-server-debug-androidTest.apk'
[35m[ADB][39m 'C:\Users\RONDIE\Desktop\MOBILE AUTOMATION\sampleProject\node_modules\appium-uiautomator2-driver\node_modules\appium-uiautomator2-server\apks\appium-uiautomator2-server-debug-androidTest.apk' is signed with the default certificate
[35m[AndroidUiautomator2Driver@6422 (1cf4a1a8)][39m Server packages are not going to be (re)installed
[debug] [35m[AndroidUiautomator2Driver@6422 (1cf4a1a8)][39m Waiting up to 30000ms for services to be available
[debug] [35m[ADB][39m Running 'C:\Users\RONDIE\AppData\Local\Android\Sdk\platform-tools\adb.exe -P 5037 -s emulator-5554 shell pm list instrumentation'
[debug] [35m[AndroidUiautomator2Driver@6422 (1cf4a1a8)][39m Instrumentation target 'io.appium.uiautomator2.server.test/androidx.test.runner.AndroidJUnitRunner' is available
[35m[ADB][39m Adding packages ["io.appium.settings","io.appium.uiautomator2.server","io.appium.uiautomator2.server.test"] to Doze whitelist
[debug] [35m[ADB][39m Got the following command chunks to execute: [["dumpsys","deviceidle","whitelist","+io.appium.settings",";","dumpsys","deviceidle","whitelist","+io.appium.uiautomator2.server",";","dumpsys","deviceidle","whitelist","+io.appium.uiautomator2.server.test",";"]]
[debug] [35m[ADB][39m Running 'C:\Users\RONDIE\AppData\Local\Android\Sdk\platform-tools\adb.exe -P 5037 -s emulator-5554 shell dumpsys deviceidle whitelist +io.appium.settings ; dumpsys deviceidle whitelist +io.appium.uiautomator2.server ; dumpsys deviceidle whitelist +io.appium.uiautomator2.server.test ;'
[debug] [35m[ADB][39m Checking app cert for C:\Users\RONDIE\Desktop\MOBILE AUTOMATION\sampleProject\app\android\ApiDemos-debug.apk
[debug] [35m[ADB][39m Starting apksigner: 'C:\\Program Files\\Eclipse Adoptium\\jdk-17.0.4.101-hotspot\\bin\\java.exe' -Xmx1024M -Xss1m -jar C:\\Users\\RONDIE\\AppData\\Local\\Android\\Sdk\\build-tools\\33.0.0\\lib\\apksigner.jar verify --print-certs 'C:\\Users\\RONDIE\\Desktop\\MOBILE AUTOMATION\\sampleProject\\app\\android\\ApiDemos-debug.apk'
[debug] [35m[ADB][39m apksigner stdout: Signer #1 certificate DN: EMAILADDRESS=android@android.com, CN=Android, OU=Android, O=Android, L=Mountain View, ST=California, C=US
[debug] [35m[ADB][39m Signer #1 certificate SHA-256 digest: a40da80a59d170caa950cf15c18c454d47a39b26989d8b640ecd745ba71bf5dc
[debug] [35m[ADB][39m Signer #1 certificate SHA-1 digest: 61ed377e85d386a8dfee6b864bd85b0bfaa5af81
[debug] [35m[ADB][39m Signer #1 certificate MD5 digest: e89b158e4bcf988ebd09eb83f5378e87
[debug] [35m[ADB][39m 
[debug] [35m[ADB][39m sha256 hash did match for 'ApiDemos-debug.apk'
[35m[ADB][39m 'C:\Users\RONDIE\Desktop\MOBILE AUTOMATION\sampleProject\app\android\ApiDemos-debug.apk' is signed with the default certificate
[debug] [35m[ADB][39m Getting install status for io.appium.android.apis
[debug] [35m[ADB][39m Running 'C:\Users\RONDIE\AppData\Local\Android\Sdk\platform-tools\adb.exe -P 5037 -s emulator-5554 shell dumpsys package io.appium.android.apis'
[debug] [35m[ADB][39m 'io.appium.android.apis' is installed
[debug] [35m[ADB][39m Getting package info for 'io.appium.android.apis'
[debug] [35m[ADB][39m Running 'C:\Users\RONDIE\AppData\Local\Android\Sdk\platform-tools\adb.exe -P 5037 -s emulator-5554 shell dumpsys package io.appium.android.apis'
[debug] [35m[ADB][39m The version name of the installed 'io.appium.android.apis' is greater or equal to the application version name ('3.1.0' >= '3.1.0')
[debug] [35m[ADB][39m There is no need to install/upgrade 'C:\Users\RONDIE\Desktop\MOBILE AUTOMATION\sampleProject\app\android\ApiDemos-debug.apk'
[35m[AndroidDriver][39m Performing fast reset on 'io.appium.android.apis'
[debug] [35m[ADB][39m Getting install status for io.appium.android.apis
[debug] [35m[ADB][39m Running 'C:\Users\RONDIE\AppData\Local\Android\Sdk\platform-tools\adb.exe -P 5037 -s emulator-5554 shell dumpsys package io.appium.android.apis'
[debug] [35m[ADB][39m 'io.appium.android.apis' is installed
[debug] [35m[ADB][39m Running 'C:\Users\RONDIE\AppData\Local\Android\Sdk\platform-tools\adb.exe -P 5037 -s emulator-5554 shell am force-stop io.appium.android.apis'
[debug] [35m[ADB][39m Running 'C:\Users\RONDIE\AppData\Local\Android\Sdk\platform-tools\adb.exe -P 5037 -s emulator-5554 shell pm clear io.appium.android.apis'
[debug] [35m[ADB][39m Running 'C:\Users\RONDIE\AppData\Local\Android\Sdk\platform-tools\adb.exe -P 5037 -s emulator-5554 shell dumpsys package io.appium.android.apis'
[debug] [35m[ADB][39m Retrieving requested permissions
[debug] [35m[ADB][39m Retrieved 30 permissions from requested group
[debug] [35m[ADB][39m Retrieving granted permissions
[debug] [35m[ADB][39m Retrieved 4 permissions from install,runtime groups
[debug] [35m[ADB][39m Granting permissions ["android.permission.READ_CONTACTS","android.permission.WRITE_CONTACTS","android.permission.ACCESS_COARSE_LOCATION","android.permission.WRITE_EXTERNAL_STORAGE","android.permission.SEND_SMS","android.permission.RECEIVE_SMS","android.permission.RECORD_AUDIO","android.permission.CAMERA","android.permission.READ_EXTERNAL_STORAGE","android.permission.ACCESS_BACKGROUND_LOCATION","android.permission.ACCESS_MEDIA_LOCATION","android.permission.RECEIVE_SMS","android.permission.READ_EXTERNAL_STORAGE","android.permission.ACCESS_COARSE_LOCATION","android.permission.SEND_SMS","android.permission.WRITE_CONTACTS","android.permission.CAMERA","android.permission.WRITE_EXTERNAL_STORAGE","android.permission.RECORD_AUDIO","android.permission.READ_CONTACTS","android.permission.ACCESS_BACKGROUND_LOCATION","android.permission.ACCESS_MEDIA_LOCATION"] to 'io.appium.android.apis'
[debug] [35m[ADB][39m Got the following command chunks to execute: [["pm","grant","io.appium.android.apis","android.permission.READ_CONTACTS",";","pm","grant","io.appium.android.apis","android.permission.WRITE_CONTACTS",";","pm","grant","io.appium.android.apis","android.permission.ACCESS_COARSE_LOCATION",";","pm","grant","io.appium.android.apis","android.permission.WRITE_EXTERNAL_STORAGE",";","pm","grant","io.appium.android.apis","android.permission.SEND_SMS",";","pm","grant","io.appium.android.apis","android.permission.RECEIVE_SMS",";","pm","grant","io.appium.android.apis","android.permission.RECORD_AUDIO",";","pm","grant","io.appium.android.apis","android.permission.CAMERA",";","pm","grant","io.appium.android.apis","android.permission.READ_EXTERNAL_STORAGE",";","pm","grant","io.appium.android.apis","android.permission.ACCESS_BACKGROUND_LOCATION",";","pm","grant","io.appium.android.apis","android.permission.ACCESS_MEDIA_LOCATION",";","pm","grant","io.appium.android.apis","android.permission.RECEIVE_SMS",";","pm","grant","io.appium.android.apis","android.permission.READ_EXTERNAL_STORAGE",";","pm","grant","io.appium.android.apis","android.permission.ACCESS_COARSE_LOCATION",";"],["pm","grant","io.appium.android.apis","android.permission.SEND_SMS",";","pm","grant","io.appium.android.apis","android.permission.WRITE_CONTACTS",";","pm","grant","io.appium.android.apis","android.permission.CAMERA",";","pm","grant","io.appium.android.apis","android.permission.WRITE_EXTERNAL_STORAGE",";","pm","grant","io.appium.android.apis","android.permission.RECORD_AUDIO",";","pm","grant","io.appium.android.apis","android.permission.READ_CONTACTS",";","pm","grant","io.appium.android.apis","android.permission.ACCESS_BACKGROUND_LOCATION",";","pm","grant","io.appium.android.apis","android.permission.ACCESS_MEDIA_LOCATION",";"]]
[debug] [35m[ADB][39m Running 'C:\Users\RONDIE\AppData\Local\Android\Sdk\platform-tools\adb.exe -P 5037 -s emulator-5554 shell pm grant io.appium.android.apis android.permission.READ_CONTACTS ; pm grant io.appium.android.apis android.permission.WRITE_CONTACTS ; pm grant io.appium.android.apis android.permission.ACCESS_COARSE_LOCATION ; pm grant io.appium.android.apis android.permission.WRITE_EXTERNAL_STORAGE ; pm grant io.appium.android.apis android.permission.SEND_SMS ; pm grant io.appium.android.apis android.permission.RECEIVE_SMS ; pm grant io.appium.android.apis android.permission.RECORD_AUDIO ; pm grant io.appium.android.apis android.permission.CAMERA ; pm grant io.appium.android.apis android.permission.READ_EXTERNAL_STORAGE ; pm grant io.appium.android.apis android.permission.ACCESS_BACKGROUND_LOCATION ; pm grant io.appium.android.apis android.permission.ACCESS_MEDIA_LOCATION ; pm grant io.appium.android.apis android.permission.RECEIVE_SMS ; pm grant io.appium.android.apis android.permission.READ_EXTERNAL_STORAGE ; pm grant io.appium.android.apis android.permission.ACCESS_COARSE_LOCATION ;'
[debug] [35m[ADB][39m Running 'C:\Users\RONDIE\AppData\Local\Android\Sdk\platform-tools\adb.exe -P 5037 -s emulator-5554 shell pm grant io.appium.android.apis android.permission.SEND_SMS ; pm grant io.appium.android.apis android.permission.WRITE_CONTACTS ; pm grant io.appium.android.apis android.permission.CAMERA ; pm grant io.appium.android.apis android.permission.WRITE_EXTERNAL_STORAGE ; pm grant io.appium.android.apis android.permission.RECORD_AUDIO ; pm grant io.appium.android.apis android.permission.READ_CONTACTS ; pm grant io.appium.android.apis android.permission.ACCESS_BACKGROUND_LOCATION ; pm grant io.appium.android.apis android.permission.ACCESS_MEDIA_LOCATION ;'
[debug] [35m[AndroidDriver][39m Performed fast reset on the installed 'io.appium.android.apis' application (stop and clear)
[debug] [35m[AndroidUiautomator2Driver@6422 (1cf4a1a8)][39m Performing shallow cleanup of automation leftovers
[debug] [35m[AndroidUiautomator2Driver@6422 (1cf4a1a8)][39m No obsolete sessions have been detected (socket hang up)
[debug] [35m[ADB][39m Running 'C:\Users\RONDIE\AppData\Local\Android\Sdk\platform-tools\adb.exe -P 5037 -s emulator-5554 shell am force-stop io.appium.uiautomator2.server.test'
[35m[AndroidUiautomator2Driver@6422 (1cf4a1a8)][39m Starting UIAutomator2 server 5.7.4
[35m[AndroidUiautomator2Driver@6422 (1cf4a1a8)][39m Using UIAutomator2 server from 'C:\Users\RONDIE\Desktop\MOBILE AUTOMATION\sampleProject\node_modules\appium-uiautomator2-driver\node_modules\appium-uiautomator2-server\apks\appium-uiautomator2-server-v5.7.4.apk' and test from 'C:\Users\RONDIE\Desktop\MOBILE AUTOMATION\sampleProject\node_modules\appium-uiautomator2-driver\node_modules\appium-uiautomator2-server\apks\appium-uiautomator2-server-debug-androidTest.apk'
[35m[AndroidUiautomator2Driver@6422 (1cf4a1a8)][39m Waiting up to 30000ms for UiAutomator2 to be online...
[debug] [35m[ADB][39m Creating ADB subprocess with args: ["-P",5037,"-s","emulator-5554","shell","am","instrument","-w","-e","disableAnalytics",true,"io.appium.uiautomator2.server.test/androidx.test.runner.AndroidJUnitRunner"]
[debug] [35m[AndroidUiautomator2Driver@6422 (1cf4a1a8)][39m Matched '/status' to command name 'getStatus'
[debug] [35m[AndroidUiautomator2Driver@6422 (1cf4a1a8)][39m Proxying [GET /status] to [GET http://127.0.0.1:8200/status] with no body
[35m[AndroidUiautomator2Driver@6422 (1cf4a1a8)][39m socket hang up
[debug] [35m[AndroidUiautomator2Driver@6422 (1cf4a1a8)][39m Matched '/status' to command name 'getStatus'
[debug] [35m[AndroidUiautomator2Driver@6422 (1cf4a1a8)][39m Proxying [GET /status] to [GET http://127.0.0.1:8200/status] with no body
[35m[AndroidUiautomator2Driver@6422 (1cf4a1a8)][39m socket hang up
[debug] [35m[Instrumentation][39m io.appium.uiautomator2.server.test.AppiumUiAutomator2Server:
[debug] [35m[AndroidUiautomator2Driver@6422 (1cf4a1a8)][39m Matched '/status' to command name 'getStatus'
[debug] [35m[AndroidUiautomator2Driver@6422 (1cf4a1a8)][39m Proxying [GET /status] to [GET http://127.0.0.1:8200/status] with no body
[35m[AndroidUiautomator2Driver@6422 (1cf4a1a8)][39m socket hang up
[debug] [35m[AndroidUiautomator2Driver@6422 (1cf4a1a8)][39m Matched '/status' to command name 'getStatus'
[debug] [35m[AndroidUiautomator2Driver@6422 (1cf4a1a8)][39m Proxying [GET /status] to [GET http://127.0.0.1:8200/status] with no body
[debug] [35m[AndroidUiautomator2Driver@6422 (1cf4a1a8)][39m Got response with status 200: {"sessionId":"None","value":{"message":"UiAutomator2 Server is ready to accept commands","ready":true}}
[debug] [35m[AndroidUiautomator2Driver@6422 (1cf4a1a8)][39m The initialization of the instrumentation process took 3326ms
[debug] [35m[AndroidUiautomator2Driver@6422 (1cf4a1a8)][39m Matched '/session' to command name 'createSession'
[debug] [35m[AndroidUiautomator2Driver@6422 (1cf4a1a8)][39m Proxying [POST /session] to [POST http://127.0.0.1:8200/session] with body: {"capabilities":{"firstMatch":[{"platform":"LINUX","webStorageEnabled":false,"takesScreenshot":true,"javascriptEnabled":true,"databaseEnabled":false,"networkConnectionEnabled":true,"locationContextEnabled":false,"warnings":{},"desired":{"platformName":"Android","platformVersion":"11","deviceName":"Pixel 5 API 30","automationName":"UIAutomator2","app":"C:\\Users\\RONDIE\\Desktop\\MOBILE AUTOMATION\\sampleProject\\app\\android\\ApiDemos-debug.apk","autoGrantPermissions":true},"platformName":"Android","platformVersion":"11","deviceName":"emulator-5554","automationName":"UIAutomator2","app":"C:\\Users\\RONDIE\\Desktop\\MOBILE AUTOMATION\\sampleProject\\app\\android\\ApiDemos-debug.apk","autoGrantPermissions":true,"deviceUDID":"emulator-5554","appPackage":"io.appium.android.apis"}],"alwaysMatch":{}}}
[debug] [35m[AndroidUiautomator2Driver@6422 (1cf4a1a8)][39m Got response with status 200: {"sessionId":"9839cefe-396b-4223-9182-86013e9efc94","value":{"capabilities":{"firstMatch":[{"platform":"LINUX","webStorageEnabled":false,"takesScreenshot":true,"javascriptEnabled":true,"databaseEnabled":false,"networkConnectionEnabled":true,"locationContextEnabled":false,"warnings":{},"desired":{"platformName":"Android","platformVersion":"11","deviceName":"Pixel 5 API 30","automationName":"UIAutomator2","app":"C:\\Users\\RONDIE\\Desktop\\MOBILE AUTOMATION\\sampleProject\\app\\android\\ApiDemos-debug.apk","autoGrantPermissions":true},"platformName":"Android","platformVersion":"11","deviceName":"emulator-5554","automationName":"UIAutomator2","app":"C:\\Users\\RONDIE\\Desktop\\MOBILE AUTOMATION\\sampleProject\\app\\android\\ApiDemos-debug.apk","autoGrantPermissions":true,"deviceUDID":"emulator-5554","appPackage":"io.appium.android.apis"}],"alwaysMatch":{}},"sessionId":"9839cefe-396b-4223-9182-86013e9efc94"}}
[35m[AndroidUiautomator2Driver@6422 (1cf4a1a8)][39m Determined the downstream protocol as 'W3C'
[debug] [35m[AndroidUiautomator2Driver@6422 (1cf4a1a8)][39m Proxying [GET /appium/device/info] to [GET http://127.0.0.1:8200/session/9839cefe-396b-4223-9182-86013e9efc94/appium/device/info] with no body
[debug] [35m[AndroidUiautomator2Driver@6422 (1cf4a1a8)][39m Got response with status 200: {"sessionId":"9839cefe-396b-4223-9182-86013e9efc94","value":{"androidId":"fd8aaf2d910bdfc5","apiVersion":"30","bluetooth":{"state":"ON"},"brand":"Android","carrierName":"Android","displayDensity":440,"locale":"en_US","manufacturer":"unknown","model":"Android SDK built for x86","networks":[{"capabilities":{"SSID":null,"linkDownBandwidthKbps":30000,"linkUpstreamBandwidthKbps":15000,"networkCapabilities":"NET_CAPABILITY_MMS,NET_CAPABILITY_SUPL,NET_CAPABILITY_DUN,NET_CAPABILITY_FOTA,NET_CAPABILITY_IMS,NET_CAPABILITY_CBS,NET_CAPABILITY_INTERNET,NET_CAPABILITY_NOT_RESTRICTED,NET_CAPABILITY_TRUSTED,NET_CAPABILITY_NOT_VPN,NET_CAPABILITY_VALIDATED,NET_CAPABILITY_NOT_ROAMING,NET_CAPABILITY_NOT_CONGESTED,NET_CAPABILITY_NOT_SUSPENDED","signalStrength":-2147483648,"transportTypes":"TRANSPORT_CELLULAR"},"detailedState":"CONNECTED","extraInfo":"epc.tmobile.com","isAvailable":true,"isConnected":true,"isFailover":false,"isRoaming":false,"state":"CONNECTED","subtype":13,"subtypeName":"LTE","type":0,"typeName":"MOBILE"},{"ca...
[debug] [35m[ADB][39m Running 'C:\Users\RONDIE\AppData\Local\Android\Sdk\platform-tools\adb.exe -P 5037 -s emulator-5554 shell dumpsys window'
[35m[AndroidDriver][39m Screen already unlocked, doing nothing
[35m[AndroidUiautomator2Driver@6422 (1cf4a1a8)][39m Starting 'io.appium.android.apis/io.appium.android.apis.ApiDemos and waiting for 'io.appium.android.apis/io.appium.android.apis.ApiDemos'
[debug] [35m[ADB][39m Running 'C:\Users\RONDIE\AppData\Local\Android\Sdk\platform-tools\adb.exe -P 5037 -s emulator-5554 shell am start -W -n io.appium.android.apis/io.appium.android.apis.ApiDemos -S -a android.intent.action.MAIN -c android.intent.category.LAUNCHER -f 0x10200000'
[debug] [35m[ADB][39m Waiting up to 20000ms for activity matching pkg: 'io.appium.android.apis' and activity: 'io.appium.android.apis.ApiDemos' to be focused
[debug] [35m[ADB][39m Possible activities, to be checked: 'io.appium.android.apis.ApiDemos', 'io.appium.android.apis.io.appium.android.apis.ApiDemos'
[debug] [35m[ADB][39m Getting focused package and activity
[debug] [35m[ADB][39m Running 'C:\Users\RONDIE\AppData\Local\Android\Sdk\platform-tools\adb.exe -P 5037 -s emulator-5554 shell dumpsys window displays'
[debug] [35m[ADB][39m Found package: 'io.appium.android.apis' and fully qualified activity name : 'io.appium.android.apis.ApiDemos'
[debug] [35m[AndroidUiautomator2Driver@6422 (1cf4a1a8)][39m Proxying [GET /appium/device/pixel_ratio] to [GET http://127.0.0.1:8200/session/9839cefe-396b-4223-9182-86013e9efc94/appium/device/pixel_ratio] with no body
[debug] [35m[AndroidUiautomator2Driver@6422 (1cf4a1a8)][39m Got response with status 200: {"sessionId":"9839cefe-396b-4223-9182-86013e9efc94","value":2.75}
[debug] [35m[AndroidUiautomator2Driver@6422 (1cf4a1a8)][39m Matched '/appium/device/system_bars' to command name 'getSystemBars'
[debug] [35m[AndroidUiautomator2Driver@6422 (1cf4a1a8)][39m Proxying [GET /appium/device/system_bars] to [GET http://127.0.0.1:8200/session/9839cefe-396b-4223-9182-86013e9efc94/appium/device/system_bars] with no body
[debug] [35m[AndroidUiautomator2Driver@6422 (1cf4a1a8)][39m Got response with status 200: {"sessionId":"9839cefe-396b-4223-9182-86013e9efc94","value":{"statusBar":136}}
[debug] [35m[AndroidUiautomator2Driver@6422 (1cf4a1a8)][39m Matched '/window/current/size' to command name 'getWindowSize'
[debug] [35m[AndroidUiautomator2Driver@6422 (1cf4a1a8)][39m Proxying [GET /window/current/size] to [GET http://127.0.0.1:8200/session/9839cefe-396b-4223-9182-86013e9efc94/window/current/size] with no body
[debug] [35m[AndroidUiautomator2Driver@6422 (1cf4a1a8)][39m Got response with status 200: {"sessionId":"9839cefe-396b-4223-9182-86013e9efc94","value":{"height":2072,"width":1080}}
[35m[AppiumDriver@eb25][39m New AndroidUiautomator2Driver session created successfully, session 1cf4a1a8-abaf-475a-9d8f-27a709093f34 added to master session list
[debug] [35m[AppiumDriver@eb25][39m Event 'newSessionStarted' logged at 1668674096514 (16:34:56 GMT+0800 (Philippine Standard Time))
[debug] [35m[AndroidUiautomator2Driver@6422 (1cf4a1a8)][39m Cached the protocol value 'W3C' for the new session 1cf4a1a8-abaf-475a-9d8f-27a709093f34
[debug] [35m[AndroidUiautomator2Driver@6422 (1cf4a1a8)][39m Responding to client with driver.createSession() result: {"capabilities":{"platform":"LINUX","webStorageEnabled":false,"takesScreenshot":true,"javascriptEnabled":true,"databaseEnabled":false,"networkConnectionEnabled":true,"locationContextEnabled":false,"warnings":{},"desired":{"platformName":"Android","platformVersion":"11","deviceName":"Pixel 5 API 30","automationName":"UIAutomator2","app":"C:\\Users\\RONDIE\\Desktop\\MOBILE AUTOMATION\\sampleProject\\app\\android\\ApiDemos-debug.apk","autoGrantPermissions":true},"platformName":"Android","platformVersion":"11","deviceName":"emulator-5554","automationName":"UIAutomator2","app":"C:\\Users\\RONDIE\\Desktop\\MOBILE AUTOMATION\\sampleProject\\app\\android\\ApiDemos-debug.apk","autoGrantPermissions":true,"deviceUDID":"emulator-5554","appPackage":"io.appium.android.apis","deviceApiLevel":30,"deviceScreenSize":"1080x2340","deviceScreenDensity":440,"deviceModel":"Android SDK built for x86","deviceManufacturer":"unknown","pixelRatio":2.75,"statBarHeight":136,"viewportRect":{"left":0,"top":136,"width":1080,"height":1936}}}
[35m[HTTP][39m [37m<-- POST /session [39m[32m200[39m [90m17976 ms - 1084[39m
[35m[HTTP][39m [90m[39m
[35m[HTTP][39m [37m-->[39m [37mPOST[39m [37m/session/1cf4a1a8-abaf-475a-9d8f-27a709093f34/element[39m
[35m[HTTP][39m [90m{"using":"accessibility id","value":"Views"}[39m
[debug] [35m[AndroidUiautomator2Driver@6422 (1cf4a1a8)][39m Calling AppiumDriver.findElement() with args: ["accessibility id","Views","1cf4a1a8-abaf-475a-9d8f-27a709093f34"]
[debug] [35m[AndroidUiautomator2Driver@6422 (1cf4a1a8)][39m Valid locator strategies for this request: xpath, id, class name, accessibility id, css selector, -android uiautomator
[debug] [35m[AndroidUiautomator2Driver@6422 (1cf4a1a8)][39m Waiting up to 0 ms for condition
[debug] [35m[AndroidUiautomator2Driver@6422 (1cf4a1a8)][39m Matched '/element' to command name 'findElement'
[debug] [35m[AndroidUiautomator2Driver@6422 (1cf4a1a8)][39m Proxying [POST /element] to [POST http://127.0.0.1:8200/session/9839cefe-396b-4223-9182-86013e9efc94/element] with body: {"strategy":"accessibility id","selector":"Views","context":"","multiple":false}
[debug] [35m[AndroidUiautomator2Driver@6422 (1cf4a1a8)][39m Got response with status 200: {"sessionId":"9839cefe-396b-4223-9182-86013e9efc94","value":{"ELEMENT":"00000000-0000-00ca-ffff-ffff00000014","element-6066-11e4-a52e-4f735466cecf":"00000000-0000-00ca-ffff-ffff00000014"}}
[debug] [35m[AndroidUiautomator2Driver@6422 (1cf4a1a8)][39m Responding to client with driver.findElement() result: {"element-6066-11e4-a52e-4f735466cecf":"00000000-0000-00ca-ffff-ffff00000014","ELEMENT":"00000000-0000-00ca-ffff-ffff00000014"}
[35m[HTTP][39m [37m<-- POST /session/1cf4a1a8-abaf-475a-9d8f-27a709093f34/element [39m[32m200[39m [90m161 ms - 137[39m
[35m[HTTP][39m [90m[39m
[35m[HTTP][39m [37m-->[39m [37mPOST[39m [37m/session/1cf4a1a8-abaf-475a-9d8f-27a709093f34/element/00000000-0000-00ca-ffff-ffff00000014/click[39m
[35m[HTTP][39m [90m{}[39m
[debug] [35m[AndroidUiautomator2Driver@6422 (1cf4a1a8)][39m Calling AppiumDriver.click() with args: ["00000000-0000-00ca-ffff-ffff00000014","1cf4a1a8-abaf-475a-9d8f-27a709093f34"]
[debug] [35m[AndroidUiautomator2Driver@6422 (1cf4a1a8)][39m Matched '/element/00000000-0000-00ca-ffff-ffff00000014/click' to command name 'click'
[debug] [35m[AndroidUiautomator2Driver@6422 (1cf4a1a8)][39m Proxying [POST /element/00000000-0000-00ca-ffff-ffff00000014/click] to [POST http://127.0.0.1:8200/session/9839cefe-396b-4223-9182-86013e9efc94/element/00000000-0000-00ca-ffff-ffff00000014/click] with body: {"element":"00000000-0000-00ca-ffff-ffff00000014"}
[debug] [35m[AndroidUiautomator2Driver@6422 (1cf4a1a8)][39m Got response with status 200: {"sessionId":"9839cefe-396b-4223-9182-86013e9efc94","value":null}
[debug] [35m[AndroidUiautomator2Driver@6422 (1cf4a1a8)][39m Responding to client with driver.click() result: null
[35m[HTTP][39m [37m<-- POST /session/1cf4a1a8-abaf-475a-9d8f-27a709093f34/element/00000000-0000-00ca-ffff-ffff00000014/click [39m[32m200[39m [90m1380 ms - 14[39m
[35m[HTTP][39m [90m[39m
[35m[HTTP][39m [37m-->[39m [37mPOST[39m [37m/session/1cf4a1a8-abaf-475a-9d8f-27a709093f34/element[39m
[35m[HTTP][39m [90m{"using":"accessibility id","value":"Auto Complete"}[39m
[debug] [35m[AndroidUiautomator2Driver@6422 (1cf4a1a8)][39m Calling AppiumDriver.findElement() with args: ["accessibility id","Auto Complete","1cf4a1a8-abaf-475a-9d8f-27a709093f34"]
[debug] [35m[AndroidUiautomator2Driver@6422 (1cf4a1a8)][39m Valid locator strategies for this request: xpath, id, class name, accessibility id, css selector, -android uiautomator
[debug] [35m[AndroidUiautomator2Driver@6422 (1cf4a1a8)][39m Waiting up to 0 ms for condition
[debug] [35m[AndroidUiautomator2Driver@6422 (1cf4a1a8)][39m Matched '/element' to command name 'findElement'
[debug] [35m[AndroidUiautomator2Driver@6422 (1cf4a1a8)][39m Proxying [POST /element] to [POST http://127.0.0.1:8200/session/9839cefe-396b-4223-9182-86013e9efc94/element] with body: {"strategy":"accessibility id","selector":"Auto Complete","context":"","multiple":false}
[debug] [35m[AndroidUiautomator2Driver@6422 (1cf4a1a8)][39m Got response with status 200: {"sessionId":"9839cefe-396b-4223-9182-86013e9efc94","value":{"ELEMENT":"00000000-0000-00cb-ffff-ffff00000020","element-6066-11e4-a52e-4f735466cecf":"00000000-0000-00cb-ffff-ffff00000020"}}
[debug] [35m[AndroidUiautomator2Driver@6422 (1cf4a1a8)][39m Responding to client with driver.findElement() result: {"element-6066-11e4-a52e-4f735466cecf":"00000000-0000-00cb-ffff-ffff00000020","ELEMENT":"00000000-0000-00cb-ffff-ffff00000020"}
[35m[HTTP][39m [37m<-- POST /session/1cf4a1a8-abaf-475a-9d8f-27a709093f34/element [39m[32m200[39m [90m88 ms - 137[39m
[35m[HTTP][39m [90m[39m
[35m[HTTP][39m [37m-->[39m [37mPOST[39m [37m/session/1cf4a1a8-abaf-475a-9d8f-27a709093f34/element/00000000-0000-00cb-ffff-ffff00000020/click[39m
[35m[HTTP][39m [90m{}[39m
[debug] [35m[AndroidUiautomator2Driver@6422 (1cf4a1a8)][39m Calling AppiumDriver.click() with args: ["00000000-0000-00cb-ffff-ffff00000020","1cf4a1a8-abaf-475a-9d8f-27a709093f34"]
[debug] [35m[AndroidUiautomator2Driver@6422 (1cf4a1a8)][39m Matched '/element/00000000-0000-00cb-ffff-ffff00000020/click' to command name 'click'
[debug] [35m[AndroidUiautomator2Driver@6422 (1cf4a1a8)][39m Proxying [POST /element/00000000-0000-00cb-ffff-ffff00000020/click] to [POST http://127.0.0.1:8200/session/9839cefe-396b-4223-9182-86013e9efc94/element/00000000-0000-00cb-ffff-ffff00000020/click] with body: {"element":"00000000-0000-00cb-ffff-ffff00000020"}
[debug] [35m[AndroidUiautomator2Driver@6422 (1cf4a1a8)][39m Got response with status 200: {"sessionId":"9839cefe-396b-4223-9182-86013e9efc94","value":null}
[debug] [35m[AndroidUiautomator2Driver@6422 (1cf4a1a8)][39m Responding to client with driver.click() result: null
[35m[HTTP][39m [37m<-- POST /session/1cf4a1a8-abaf-475a-9d8f-27a709093f34/element/00000000-0000-00cb-ffff-ffff00000020/click [39m[32m200[39m [90m1245 ms - 14[39m
[35m[HTTP][39m [90m[39m
[35m[HTTP][39m [37m-->[39m [37mPOST[39m [37m/session/1cf4a1a8-abaf-475a-9d8f-27a709093f34/element[39m
[35m[HTTP][39m [90m{"using":"accessibility id","value":"1. Screen Top"}[39m
[debug] [35m[AndroidUiautomator2Driver@6422 (1cf4a1a8)][39m Calling AppiumDriver.findElement() with args: ["accessibility id","1. Screen Top","1cf4a1a8-abaf-475a-9d8f-27a709093f34"]
[debug] [35m[AndroidUiautomator2Driver@6422 (1cf4a1a8)][39m Valid locator strategies for this request: xpath, id, class name, accessibility id, css selector, -android uiautomator
[debug] [35m[AndroidUiautomator2Driver@6422 (1cf4a1a8)][39m Waiting up to 0 ms for condition
[debug] [35m[AndroidUiautomator2Driver@6422 (1cf4a1a8)][39m Matched '/element' to command name 'findElement'
[debug] [35m[AndroidUiautomator2Driver@6422 (1cf4a1a8)][39m Proxying [POST /element] to [POST http://127.0.0.1:8200/session/9839cefe-396b-4223-9182-86013e9efc94/element] with body: {"strategy":"accessibility id","selector":"1. Screen Top","context":"","multiple":false}
[debug] [35m[AndroidUiautomator2Driver@6422 (1cf4a1a8)][39m Got response with status 200: {"sessionId":"9839cefe-396b-4223-9182-86013e9efc94","value":{"ELEMENT":"00000000-0000-00cc-ffff-ffff00000038","element-6066-11e4-a52e-4f735466cecf":"00000000-0000-00cc-ffff-ffff00000038"}}
[debug] [35m[AndroidUiautomator2Driver@6422 (1cf4a1a8)][39m Responding to client with driver.findElement() result: {"element-6066-11e4-a52e-4f735466cecf":"00000000-0000-00cc-ffff-ffff00000038","ELEMENT":"00000000-0000-00cc-ffff-ffff00000038"}
[35m[HTTP][39m [37m<-- POST /session/1cf4a1a8-abaf-475a-9d8f-27a709093f34/element [39m[32m200[39m [90m53 ms - 137[39m
[35m[HTTP][39m [90m[39m
[35m[HTTP][39m [37m-->[39m [37mPOST[39m [37m/session/1cf4a1a8-abaf-475a-9d8f-27a709093f34/element/00000000-0000-00cc-ffff-ffff00000038/click[39m
[35m[HTTP][39m [90m{}[39m
[debug] [35m[AndroidUiautomator2Driver@6422 (1cf4a1a8)][39m Calling AppiumDriver.click() with args: ["00000000-0000-00cc-ffff-ffff00000038","1cf4a1a8-abaf-475a-9d8f-27a709093f34"]
[debug] [35m[AndroidUiautomator2Driver@6422 (1cf4a1a8)][39m Matched '/element/00000000-0000-00cc-ffff-ffff00000038/click' to command name 'click'
[debug] [35m[AndroidUiautomator2Driver@6422 (1cf4a1a8)][39m Proxying [POST /element/00000000-0000-00cc-ffff-ffff00000038/click] to [POST http://127.0.0.1:8200/session/9839cefe-396b-4223-9182-86013e9efc94/element/00000000-0000-00cc-ffff-ffff00000038/click] with body: {"element":"00000000-0000-00cc-ffff-ffff00000038"}
[debug] [35m[AndroidUiautomator2Driver@6422 (1cf4a1a8)][39m Got response with status 200: {"sessionId":"9839cefe-396b-4223-9182-86013e9efc94","value":null}
[debug] [35m[AndroidUiautomator2Driver@6422 (1cf4a1a8)][39m Responding to client with driver.click() result: null
[35m[HTTP][39m [37m<-- POST /session/1cf4a1a8-abaf-475a-9d8f-27a709093f34/element/00000000-0000-00cc-ffff-ffff00000038/click [39m[32m200[39m [90m1231 ms - 14[39m
[35m[HTTP][39m [90m[39m
[35m[HTTP][39m [37m-->[39m [37mPOST[39m [37m/session/1cf4a1a8-abaf-475a-9d8f-27a709093f34/element[39m
[35m[HTTP][39m [90m{"using":"xpath","value":"//android.widget.EditText"}[39m
[debug] [35m[AndroidUiautomator2Driver@6422 (1cf4a1a8)][39m Calling AppiumDriver.findElement() with args: ["xpath","//android.widget.EditText","1cf4a1a8-abaf-475a-9d8f-27a709093f34"]
[debug] [35m[AndroidUiautomator2Driver@6422 (1cf4a1a8)][39m Valid locator strategies for this request: xpath, id, class name, accessibility id, css selector, -android uiautomator
[debug] [35m[AndroidUiautomator2Driver@6422 (1cf4a1a8)][39m Waiting up to 0 ms for condition
[debug] [35m[AndroidUiautomator2Driver@6422 (1cf4a1a8)][39m Matched '/element' to command name 'findElement'
[debug] [35m[AndroidUiautomator2Driver@6422 (1cf4a1a8)][39m Proxying [POST /element] to [POST http://127.0.0.1:8200/session/9839cefe-396b-4223-9182-86013e9efc94/element] with body: {"strategy":"xpath","selector":"//android.widget.EditText","context":"","multiple":false}
[debug] [35m[AndroidUiautomator2Driver@6422 (1cf4a1a8)][39m Got response with status 200: {"sessionId":"9839cefe-396b-4223-9182-86013e9efc94","value":{"ELEMENT":"00000000-0000-00cd-ffff-ffff00000045","element-6066-11e4-a52e-4f735466cecf":"00000000-0000-00cd-ffff-ffff00000045"}}
[debug] [35m[AndroidUiautomator2Driver@6422 (1cf4a1a8)][39m Responding to client with driver.findElement() result: {"element-6066-11e4-a52e-4f735466cecf":"00000000-0000-00cd-ffff-ffff00000045","ELEMENT":"00000000-0000-00cd-ffff-ffff00000045"}
[35m[HTTP][39m [37m<-- POST /session/1cf4a1a8-abaf-475a-9d8f-27a709093f34/element [39m[32m200[39m [90m783 ms - 137[39m
[35m[HTTP][39m [90m[39m
[35m[HTTP][39m [37m-->[39m [37mPOST[39m [37m/session/1cf4a1a8-abaf-475a-9d8f-27a709093f34/element/00000000-0000-00cd-ffff-ffff00000045/value[39m
[35m[HTTP][39m [90m{"text":"Philippines"}[39m
[debug] [35m[AndroidUiautomator2Driver@6422 (1cf4a1a8)][39m Calling AppiumDriver.setValue() with args: ["Philippines","00000000-0000-00cd-ffff-ffff00000045","1cf4a1a8-abaf-475a-9d8f-27a709093f34"]
[debug] [35m[AndroidUiautomator2Driver@6422 (1cf4a1a8)][39m Matched '/element/00000000-0000-00cd-ffff-ffff00000045/value' to command name 'setValue'
[debug] [35m[AndroidUiautomator2Driver@6422 (1cf4a1a8)][39m Added 'value' property ["P","h","i","l","i","p","p","i","n","e","s"] to 'setValue' request body
[debug] [35m[AndroidUiautomator2Driver@6422 (1cf4a1a8)][39m Proxying [POST /element/00000000-0000-00cd-ffff-ffff00000045/value] to [POST http://127.0.0.1:8200/session/9839cefe-396b-4223-9182-86013e9efc94/element/00000000-0000-00cd-ffff-ffff00000045/value] with body: {"elementId":"00000000-0000-00cd-ffff-ffff00000045","text":"Philippines","replace":false,"value":["P","h","i","l","i","p","p","i","n","e","s"]}
[debug] [35m[AndroidUiautomator2Driver@6422 (1cf4a1a8)][39m Got response with status 200: {"sessionId":"9839cefe-396b-4223-9182-86013e9efc94","value":null}
[debug] [35m[AndroidUiautomator2Driver@6422 (1cf4a1a8)][39m Responding to client with driver.setValue() result: null
[35m[HTTP][39m [37m<-- POST /session/1cf4a1a8-abaf-475a-9d8f-27a709093f34/element/00000000-0000-00cd-ffff-ffff00000045/value [39m[32m200[39m [90m116 ms - 14[39m
[35m[HTTP][39m [90m[39m
[35m[HTTP][39m [37m-->[39m [37mPOST[39m [37m/session/1cf4a1a8-abaf-475a-9d8f-27a709093f34/element[39m
[35m[HTTP][39m [90m{"using":"xpath","value":"//android.widget.EditText"}[39m
[debug] [35m[AndroidUiautomator2Driver@6422 (1cf4a1a8)][39m Calling AppiumDriver.findElement() with args: ["xpath","//android.widget.EditText","1cf4a1a8-abaf-475a-9d8f-27a709093f34"]
[debug] [35m[AndroidUiautomator2Driver@6422 (1cf4a1a8)][39m Valid locator strategies for this request: xpath, id, class name, accessibility id, css selector, -android uiautomator
[debug] [35m[AndroidUiautomator2Driver@6422 (1cf4a1a8)][39m Waiting up to 0 ms for condition
[debug] [35m[AndroidUiautomator2Driver@6422 (1cf4a1a8)][39m Matched '/element' to command name 'findElement'
[debug] [35m[AndroidUiautomator2Driver@6422 (1cf4a1a8)][39m Proxying [POST /element] to [POST http://127.0.0.1:8200/session/9839cefe-396b-4223-9182-86013e9efc94/element] with body: {"strategy":"xpath","selector":"//android.widget.EditText","context":"","multiple":false}
[debug] [35m[AndroidUiautomator2Driver@6422 (1cf4a1a8)][39m Got response with status 200: {"sessionId":"9839cefe-396b-4223-9182-86013e9efc94","value":{"ELEMENT":"00000000-0000-00cd-ffff-ffff00000045","element-6066-11e4-a52e-4f735466cecf":"00000000-0000-00cd-ffff-ffff00000045"}}
[debug] [35m[AndroidUiautomator2Driver@6422 (1cf4a1a8)][39m Responding to client with driver.findElement() result: {"element-6066-11e4-a52e-4f735466cecf":"00000000-0000-00cd-ffff-ffff00000045","ELEMENT":"00000000-0000-00cd-ffff-ffff00000045"}
[35m[HTTP][39m [37m<-- POST /session/1cf4a1a8-abaf-475a-9d8f-27a709093f34/element [39m[32m200[39m [90m496 ms - 137[39m
[35m[HTTP][39m [90m[39m
[35m[HTTP][39m [37m-->[39m [37mGET[39m [37m/session/1cf4a1a8-abaf-475a-9d8f-27a709093f34/element/00000000-0000-00cd-ffff-ffff00000045/text[39m
[35m[HTTP][39m [90m{}[39m
[35m[AndroidUiautomator2Driver@6422 (1cf4a1a8)][39m Driver proxy active, passing request on via HTTP proxy
[debug] [35m[AndroidUiautomator2Driver@6422 (1cf4a1a8)][39m Matched '/session/1cf4a1a8-abaf-475a-9d8f-27a709093f34/element/00000000-0000-00cd-ffff-ffff00000045/text' to command name 'getText'
[debug] [35m[AndroidUiautomator2Driver@6422 (1cf4a1a8)][39m Proxying [GET /session/1cf4a1a8-abaf-475a-9d8f-27a709093f34/element/00000000-0000-00cd-ffff-ffff00000045/text] to [GET http://127.0.0.1:8200/session/9839cefe-396b-4223-9182-86013e9efc94/element/00000000-0000-00cd-ffff-ffff00000045/text] with no body
[debug] [35m[AndroidUiautomator2Driver@6422 (1cf4a1a8)][39m Got response with status 200: {"sessionId":"9839cefe-396b-4223-9182-86013e9efc94","value":"Philippines"}
[35m[AndroidUiautomator2Driver@6422 (1cf4a1a8)][39m Replacing sessionId 9839cefe-396b-4223-9182-86013e9efc94 with 1cf4a1a8-abaf-475a-9d8f-27a709093f34
[35m[HTTP][39m [37m<-- GET /session/1cf4a1a8-abaf-475a-9d8f-27a709093f34/element/00000000-0000-00cd-ffff-ffff00000045/text [39m[32m200[39m [90m39 ms - 74[39m
[35m[HTTP][39m [90m[39m
[35m[HTTP][39m [37m-->[39m [37mDELETE[39m [37m/session/1cf4a1a8-abaf-475a-9d8f-27a709093f34[39m
[35m[HTTP][39m [90m{}[39m
[debug] [35m[AndroidUiautomator2Driver@6422 (1cf4a1a8)][39m Calling AppiumDriver.deleteSession() with args: ["1cf4a1a8-abaf-475a-9d8f-27a709093f34"]
[debug] [35m[AppiumDriver@eb25][39m Event 'quitSessionRequested' logged at 1668674108779 (16:35:08 GMT+0800 (Philippine Standard Time))
[35m[AppiumDriver@eb25][39m Removing session 1cf4a1a8-abaf-475a-9d8f-27a709093f34 from our master session list
[debug] [35m[AndroidUiautomator2Driver@6422 (1cf4a1a8)][39m Deleting UiAutomator2 session
[debug] [35m[AndroidUiautomator2Driver@6422 (1cf4a1a8)][39m Deleting UiAutomator2 server session
[debug] [35m[AndroidUiautomator2Driver@6422 (1cf4a1a8)][39m Matched '/' to command name 'deleteSession'
[debug] [35m[AndroidUiautomator2Driver@6422 (1cf4a1a8)][39m Proxying [DELETE /] to [DELETE http://127.0.0.1:8200/session/9839cefe-396b-4223-9182-86013e9efc94] with no body
[debug] [35m[AndroidUiautomator2Driver@6422 (1cf4a1a8)][39m Got response with status 200: {"sessionId":"9839cefe-396b-4223-9182-86013e9efc94","value":null}
[debug] [35m[ADB][39m Running 'C:\Users\RONDIE\AppData\Local\Android\Sdk\platform-tools\adb.exe -P 5037 -s emulator-5554 shell dumpsys activity services io.appium.settings/.recorder.RecorderService'
[debug] [35m[ADB][39m Running 'C:\Users\RONDIE\AppData\Local\Android\Sdk\platform-tools\adb.exe -P 5037 -s emulator-5554 shell am force-stop io.appium.android.apis'
[debug] [35m[Instrumentation][39m .
[debug] [35m[Instrumentation][39m Time: 17.115
[debug] [35m[Instrumentation][39m 
[debug] [35m[Instrumentation][39m OK (1 test)
[debug] [35m[Logcat][39m Stopping logcat capture
[debug] [35m[ADB][39m Removing forwarded port socket connection: 8200 
[debug] [35m[ADB][39m Running 'C:\Users\RONDIE\AppData\Local\Android\Sdk\platform-tools\adb.exe -P 5037 -s emulator-5554 forward --remove tcp:8200'
[debug] [35m[Instrumentation][39m The process has exited with code 0
[35m[AndroidUiautomator2Driver@6422 (1cf4a1a8)][39m Restoring hidden api policy to the device default configuration
[debug] [35m[ADB][39m Running 'C:\Users\RONDIE\AppData\Local\Android\Sdk\platform-tools\adb.exe -P 5037 -s emulator-5554 shell 'settings delete global hidden_api_policy_pre_p_apps;settings delete global hidden_api_policy_p_apps;settings delete global hidden_api_policy''
[debug] [35m[AppiumDriver@eb25][39m Event 'quitSessionFinished' logged at 1668674109911 (16:35:09 GMT+0800 (Philippine Standard Time))
[debug] [35m[AppiumDriver@eb25][39m Received response: null
[debug] [35m[AppiumDriver@eb25][39m But deleting session, so not returning
[debug] [35m[AppiumDriver@eb25][39m Responding to client with driver.deleteSession() result: null
[35m[HTTP][39m [37m<-- DELETE /session/1cf4a1a8-abaf-475a-9d8f-27a709093f34 [39m[32m200[39m [90m1135 ms - 14[39m
[35m[HTTP][39m [90m[39m
